


ARM Macro Assembler    Page 1 


    1 00000000         ;*******************************************************
                       ************************
    2 00000000         ;* File Name          : startup_stm32f407xx.s
    3 00000000         ;* Author             : MCD Application Team
    4 00000000         ;* Description        : STM32F407xx devices vector table
                        for MDK-ARM toolchain. 
    5 00000000         ;*                      This module performs:
    6 00000000         ;*                      - Set the initial SP
    7 00000000         ;*                      - Set the initial PC == Reset_Ha
                       ndler
    8 00000000         ;*                      - Set the vector table entries w
                       ith the exceptions ISR address
    9 00000000         ;*                      - Branches to __main in the C li
                       brary (which eventually
   10 00000000         ;*                        calls main()).
   11 00000000         ;*                      After Reset the CortexM4 process
                       or is in Thread mode,
   12 00000000         ;*                      priority is Privileged, and the 
                       Stack is set to Main.
   13 00000000         ;*******************************************************
                       ************************
   14 00000000         ;* @attention
   15 00000000         ;*
   16 00000000         ;* Copyright (c) 2017 STMicroelectronics.
   17 00000000         ;* All rights reserved.
   18 00000000         ;*
   19 00000000         ;* This software is licensed under terms that can be fou
                       nd in the LICENSE file
   20 00000000         ;* in the root directory of this software component.
   21 00000000         ;* If no LICENSE file comes with this software, it is pr
                       ovided AS-IS.
   22 00000000         ;*
   23 00000000         ;*******************************************************
                       ************************
   24 00000000         ;* <<< Use Configuration Wizard in Context Menu >>>
   25 00000000         ;
   26 00000000         ; Amount of memory (in bytes) allocated for Stack
   27 00000000         ; Tailor this value to your application needs
   28 00000000         ; <h> Stack Configuration
   29 00000000         ;   <o> Stack Size (in Bytes) <0x0-0xFFFFFFFF:8>
   30 00000000         ; </h>
   31 00000000         
   32 00000000 00000400 
                       Stack_Size
                               EQU              0x400
   33 00000000         
   34 00000000                 AREA             STACK, NOINIT, READWRITE, ALIGN
=3
   35 00000000         Stack_Mem
                               SPACE            Stack_Size
   36 00000400         __initial_sp
   37 00000400         
   38 00000400         
   39 00000400         ; <h> Heap Configuration
   40 00000400         ;   <o>  Heap Size (in Bytes) <0x0-0xFFFFFFFF:8>
   41 00000400         ; </h>
   42 00000400         
   43 00000400 00000200 
                       Heap_Size



ARM Macro Assembler    Page 2 


                               EQU              0x200
   44 00000400         
   45 00000400                 AREA             HEAP, NOINIT, READWRITE, ALIGN=
3
   46 00000000         __heap_base
   47 00000000         Heap_Mem
                               SPACE            Heap_Size
   48 00000200         __heap_limit
   49 00000200         
   50 00000200                 PRESERVE8
   51 00000200                 THUMB
   52 00000200         
   53 00000200         
   54 00000200         ; Vector Table Mapped to Address 0 at Reset
   55 00000200                 AREA             RESET, DATA, READONLY
   56 00000000                 EXPORT           __Vectors
   57 00000000                 EXPORT           __Vectors_End
   58 00000000                 EXPORT           __Vectors_Size
   59 00000000         
   60 00000000 00000000 
                       __Vectors
                               DCD              __initial_sp ; Top of Stack
   61 00000004 00000000        DCD              Reset_Handler ; Reset Handler
   62 00000008 00000000        DCD              NMI_Handler ; NMI Handler
   63 0000000C 00000000        DCD              HardFault_Handler ; Hard Fault 
                                                            Handler
   64 00000010 00000000        DCD              MemManage_Handler 
                                                            ; MPU Fault Handler
                                                            
   65 00000014 00000000        DCD              BusFault_Handler 
                                                            ; Bus Fault Handler
                                                            
   66 00000018 00000000        DCD              UsageFault_Handler ; Usage Faul
                                                            t Handler
   67 0000001C 00000000        DCD              0           ; Reserved
   68 00000020 00000000        DCD              0           ; Reserved
   69 00000024 00000000        DCD              0           ; Reserved
   70 00000028 00000000        DCD              0           ; Reserved
   71 0000002C 00000000        DCD              SVC_Handler ; SVCall Handler
   72 00000030 00000000        DCD              DebugMon_Handler ; Debug Monito
                                                            r Handler
   73 00000034 00000000        DCD              0           ; Reserved
   74 00000038 00000000        DCD              PendSV_Handler ; PendSV Handler
                                                            
   75 0000003C 00000000        DCD              SysTick_Handler 
                                                            ; SysTick Handler
   76 00000040         
   77 00000040         ; External Interrupts
   78 00000040 00000000        DCD              WWDG_IRQHandler ; Window WatchD
                                                            og                 
                                                                               
                                                                
   79 00000044 00000000        DCD              PVD_IRQHandler ; PVD through EX
                                                            TI Line detection  
                                                                               
                                                               
   80 00000048 00000000        DCD              TAMP_STAMP_IRQHandler ; Tamper 
                                                            and TimeStamps thro
                                                            ugh the EXTI line  



ARM Macro Assembler    Page 3 


                                                                      
   81 0000004C 00000000        DCD              RTC_WKUP_IRQHandler ; RTC Wakeu
                                                            p through the EXTI 
                                                            line               
                                                                    
   82 00000050 00000000        DCD              FLASH_IRQHandler ; FLASH       
                                                                               
                                                                             
   83 00000054 00000000        DCD              RCC_IRQHandler ; RCC           
                                                                               
                                                                           
   84 00000058 00000000        DCD              EXTI0_IRQHandler ; EXTI Line0  
                                                                               
                                                                               
                                                                 
   85 0000005C 00000000        DCD              EXTI1_IRQHandler ; EXTI Line1  
                                                                               
                                                                               
                                                                 
   86 00000060 00000000        DCD              EXTI2_IRQHandler ; EXTI Line2  
                                                                               
                                                                               
                                                                 
   87 00000064 00000000        DCD              EXTI3_IRQHandler ; EXTI Line3  
                                                                               
                                                                               
                                                                 
   88 00000068 00000000        DCD              EXTI4_IRQHandler ; EXTI Line4  
                                                                               
                                                                               
                                                                 
   89 0000006C 00000000        DCD              DMA1_Stream0_IRQHandler ; DMA1 
                                                            Stream 0           
                                                                               
                                                                 
   90 00000070 00000000        DCD              DMA1_Stream1_IRQHandler ; DMA1 
                                                            Stream 1           
                                                                               
                                                                 
   91 00000074 00000000        DCD              DMA1_Stream2_IRQHandler ; DMA1 
                                                            Stream 2           
                                                                               
                                                                 
   92 00000078 00000000        DCD              DMA1_Stream3_IRQHandler ; DMA1 
                                                            Stream 3           
                                                                               
                                                                 
   93 0000007C 00000000        DCD              DMA1_Stream4_IRQHandler ; DMA1 
                                                            Stream 4           
                                                                               
                                                                 
   94 00000080 00000000        DCD              DMA1_Stream5_IRQHandler ; DMA1 
                                                            Stream 5           
                                                                               
                                                                 
   95 00000084 00000000        DCD              DMA1_Stream6_IRQHandler ; DMA1 
                                                            Stream 6           
                                                                               
                                                                 



ARM Macro Assembler    Page 4 


   96 00000088 00000000        DCD              ADC_IRQHandler ; ADC1, ADC2 and
                                                             ADC3s             
                                                                           
   97 0000008C 00000000        DCD              CAN1_TX_IRQHandler ; CAN1 TX   
                                                                               
                                                                               
                                                                   
   98 00000090 00000000        DCD              CAN1_RX0_IRQHandler ; CAN1 RX0 
                                                                               
                                                                               
                                                                    
   99 00000094 00000000        DCD              CAN1_RX1_IRQHandler ; CAN1 RX1 
                                                                               
                                                                               
                                                                    
  100 00000098 00000000        DCD              CAN1_SCE_IRQHandler ; CAN1 SCE 
                                                                               
                                                                               
                                                                    
  101 0000009C 00000000        DCD              EXTI9_5_IRQHandler ; External L
                                                            ine[9:5]s          
                                                                               
                                                                   
  102 000000A0 00000000        DCD              TIM1_BRK_TIM9_IRQHandler ; TIM1
                                                             Break and TIM9    
                                                                           
  103 000000A4 00000000        DCD              TIM1_UP_TIM10_IRQHandler ; TIM1
                                                             Update and TIM10  
                                                                           
  104 000000A8 00000000        DCD              TIM1_TRG_COM_TIM11_IRQHandler ;
                                                             TIM1 Trigger and C
                                                            ommutation and TIM1
                                                            1
  105 000000AC 00000000        DCD              TIM1_CC_IRQHandler ; TIM1 Captu
                                                            re Compare         
                                                                               
                                                                   
  106 000000B0 00000000        DCD              TIM2_IRQHandler ; TIM2         
                                                                               
                                                                            
  107 000000B4 00000000        DCD              TIM3_IRQHandler ; TIM3         
                                                                               
                                                                            
  108 000000B8 00000000        DCD              TIM4_IRQHandler ; TIM4         
                                                                               
                                                                            
  109 000000BC 00000000        DCD              I2C1_EV_IRQHandler ; I2C1 Event
                                                                               
                                                                               
                                                                   
  110 000000C0 00000000        DCD              I2C1_ER_IRQHandler ; I2C1 Error
                                                                               
                                                                               
                                                                   
  111 000000C4 00000000        DCD              I2C2_EV_IRQHandler ; I2C2 Event
                                                                               
                                                                               
                                                                   
  112 000000C8 00000000        DCD              I2C2_ER_IRQHandler ; I2C2 Error



ARM Macro Assembler    Page 5 


                                                                               
                                                                               
                                                                     
  113 000000CC 00000000        DCD              SPI1_IRQHandler ; SPI1         
                                                                               
                                                                            
  114 000000D0 00000000        DCD              SPI2_IRQHandler ; SPI2         
                                                                               
                                                                            
  115 000000D4 00000000        DCD              USART1_IRQHandler ; USART1     
                                                                               
                                                                              
  116 000000D8 00000000        DCD              USART2_IRQHandler ; USART2     
                                                                               
                                                                              
  117 000000DC 00000000        DCD              USART3_IRQHandler ; USART3     
                                                                               
                                                                              
  118 000000E0 00000000        DCD              EXTI15_10_IRQHandler ; External
                                                             Line[15:10]s      
                                                                               
                                                                     
  119 000000E4 00000000        DCD              RTC_Alarm_IRQHandler ; RTC Alar
                                                            m (A and B) through
                                                             EXTI Line         
                                                                     
  120 000000E8 00000000        DCD              OTG_FS_WKUP_IRQHandler ; USB OT
                                                            G FS Wakeup through
                                                             EXTI line         
                                                                           
  121 000000EC 00000000        DCD              TIM8_BRK_TIM12_IRQHandler ; TIM
                                                            8 Break and TIM12  
                                                                            
  122 000000F0 00000000        DCD              TIM8_UP_TIM13_IRQHandler ; TIM8
                                                             Update and TIM13  
                                                                           
  123 000000F4 00000000        DCD              TIM8_TRG_COM_TIM14_IRQHandler ;
                                                             TIM8 Trigger and C
                                                            ommutation and TIM1
                                                            4
  124 000000F8 00000000        DCD              TIM8_CC_IRQHandler ; TIM8 Captu
                                                            re Compare         
                                                                               
                                                                   
  125 000000FC 00000000        DCD              DMA1_Stream7_IRQHandler ; DMA1 
                                                            Stream7            
                                                                               
                                                                        
  126 00000100 00000000        DCD              FMC_IRQHandler ; FMC           
                                                                               
                                                                           
  127 00000104 00000000        DCD              SDIO_IRQHandler ; SDIO         
                                                                               
                                                                            
  128 00000108 00000000        DCD              TIM5_IRQHandler ; TIM5         
                                                                               
                                                                            
  129 0000010C 00000000        DCD              SPI3_IRQHandler ; SPI3         
                                                                               



ARM Macro Assembler    Page 6 


                                                                            
  130 00000110 00000000        DCD              UART4_IRQHandler ; UART4       
                                                                               
                                                                             
  131 00000114 00000000        DCD              UART5_IRQHandler ; UART5       
                                                                               
                                                                             
  132 00000118 00000000        DCD              TIM6_DAC_IRQHandler ; TIM6 and 
                                                            DAC1&2 underrun err
                                                            ors                
                                                               
  133 0000011C 00000000        DCD              TIM7_IRQHandler ; TIM7         
                                                                      
  134 00000120 00000000        DCD              DMA2_Stream0_IRQHandler ; DMA2 
                                                            Stream 0           
                                                                               
                                                                 
  135 00000124 00000000        DCD              DMA2_Stream1_IRQHandler ; DMA2 
                                                            Stream 1           
                                                                               
                                                                 
  136 00000128 00000000        DCD              DMA2_Stream2_IRQHandler ; DMA2 
                                                            Stream 2           
                                                                               
                                                                 
  137 0000012C 00000000        DCD              DMA2_Stream3_IRQHandler ; DMA2 
                                                            Stream 3           
                                                                               
                                                                 
  138 00000130 00000000        DCD              DMA2_Stream4_IRQHandler ; DMA2 
                                                            Stream 4           
                                                                               
                                                                 
  139 00000134 00000000        DCD              ETH_IRQHandler ; Ethernet      
                                                                               
                                                                           
  140 00000138 00000000        DCD              ETH_WKUP_IRQHandler ; Ethernet 
                                                            Wakeup through EXTI
                                                             line              
                                                                    
  141 0000013C 00000000        DCD              CAN2_TX_IRQHandler ; CAN2 TX   
                                                                               
                                                                               
                                                                   
  142 00000140 00000000        DCD              CAN2_RX0_IRQHandler ; CAN2 RX0 
                                                                               
                                                                               
                                                                    
  143 00000144 00000000        DCD              CAN2_RX1_IRQHandler ; CAN2 RX1 
                                                                               
                                                                               
                                                                    
  144 00000148 00000000        DCD              CAN2_SCE_IRQHandler ; CAN2 SCE 
                                                                               
                                                                               
                                                                    
  145 0000014C 00000000        DCD              OTG_FS_IRQHandler ; USB OTG FS 
                                                                               
                                                                              



ARM Macro Assembler    Page 7 


  146 00000150 00000000        DCD              DMA2_Stream5_IRQHandler ; DMA2 
                                                            Stream 5           
                                                                               
                                                                 
  147 00000154 00000000        DCD              DMA2_Stream6_IRQHandler ; DMA2 
                                                            Stream 6           
                                                                               
                                                                 
  148 00000158 00000000        DCD              DMA2_Stream7_IRQHandler ; DMA2 
                                                            Stream 7           
                                                                               
                                                                 
  149 0000015C 00000000        DCD              USART6_IRQHandler ; USART6     
                                                                               
                                                                               
                                                            
  150 00000160 00000000        DCD              I2C3_EV_IRQHandler ; I2C3 event
                                                                               
                                                                               
                                                                   
  151 00000164 00000000        DCD              I2C3_ER_IRQHandler ; I2C3 error
                                                                               
                                                                               
                                                                   
  152 00000168 00000000        DCD              OTG_HS_EP1_OUT_IRQHandler ; USB
                                                             OTG HS End Point 1
                                                             Out               
                                                                   
  153 0000016C 00000000        DCD              OTG_HS_EP1_IN_IRQHandler ; USB 
                                                            OTG HS End Point 1 
                                                            In                 
                                                                  
  154 00000170 00000000        DCD              OTG_HS_WKUP_IRQHandler ; USB OT
                                                            G HS Wakeup through
                                                             EXTI              
                                                                       
  155 00000174 00000000        DCD              OTG_HS_IRQHandler ; USB OTG HS 
                                                                               
                                                                              
  156 00000178 00000000        DCD              DCMI_IRQHandler ; DCMI  
  157 0000017C 00000000        DCD              0           ; Reserved         
                                                                               
                                                                  
  158 00000180 00000000        DCD              HASH_RNG_IRQHandler 
                                                            ; Hash and Rng
  159 00000184 00000000        DCD              FPU_IRQHandler ; FPU
  160 00000188         
  161 00000188         
  162 00000188         __Vectors_End
  163 00000188         
  164 00000188 00000188 
                       __Vectors_Size
                               EQU              __Vectors_End - __Vectors
  165 00000188         
  166 00000188                 AREA             |.text|, CODE, READONLY
  167 00000000         
  168 00000000         ; Reset handler
  169 00000000         Reset_Handler
                               PROC



ARM Macro Assembler    Page 8 


  170 00000000                 EXPORT           Reset_Handler             [WEAK
]
  171 00000000                 IMPORT           SystemInit
  172 00000000                 IMPORT           __main
  173 00000000         
  174 00000000 4810            LDR              R0, =SystemInit
  175 00000002 4780            BLX              R0
  176 00000004 4810            LDR              R0, =__main
  177 00000006 4700            BX               R0
  178 00000008                 ENDP
  179 00000008         
  180 00000008         ; Dummy Exception Handlers (infinite loops which can be 
                       modified)
  181 00000008         
  182 00000008         NMI_Handler
                               PROC
  183 00000008                 EXPORT           NMI_Handler                [WEA
K]
  184 00000008 E7FE            B                .
  185 0000000A                 ENDP
  187 0000000A         HardFault_Handler
                               PROC
  188 0000000A                 EXPORT           HardFault_Handler          [WEA
K]
  189 0000000A E7FE            B                .
  190 0000000C                 ENDP
  191 0000000C         
  193 0000000C         HardFault_Handler_asm
                               PROC
  194 0000000C                 EXPORT           HardFault_Handler_asm
  195 0000000C                 IMPORT           DumpCore
  196 0000000C         
  197 0000000C         ; 运行到这, MSP或PSP里保存有栈帧:R0,R1,R2,R3,
                       R12,LR,PC,xPSR
  198 0000000C         ; LR寄存器的bit2为1表示栈帧保存在PSP里, bit
                       2为0表示存在MSP里
  199 0000000C F01E 0F04       TST              LR, #(1<<2)
  200 00000010 D000            BEQ              SaveInMSP
  201 00000012 D104            BNE              SaveInPSP
  202 00000014         SaveInMSP
  203 00000014         ; 把EXC_RETURN, R4~R11保存进MSP里
  204 00000014 E92D 0FF0       STMDB            SP!, { R4 - R11 }
  205 00000018 B500            STMDB            SP!, { LR }
  206 0000001A 4668            MOV              R0, SP
  207 0000001C E006            B                Do_DumpCore
  208 0000001E         SaveInPSP
  209 0000001E         ; 把EXC_RETURN, R4~R11保存进PSP里    
  210 0000001E BF08 F3EF 
              8009             MRSEQ            R0, PSP
  211 00000024 E920 0FF0       STMDB            R0!, { R4 - R11 }
  212 00000028 F840 ED04       STMDB            R0!, { LR }
  213 0000002C         
  214 0000002C         Do_DumpCore
  215 0000002C F7FF FFFE       BL               DumpCore
  216 00000030 E7FE            B                .
  217 00000032                 ENDP
  218 00000032         
  219 00000032         
  221 00000032         MemManage_Handler



ARM Macro Assembler    Page 9 


                               PROC
  222 00000032                 EXPORT           MemManage_Handler          [WEA
K]
  223 00000032 E7FE            B                .
  224 00000034                 ENDP
  226 00000034         BusFault_Handler
                               PROC
  227 00000034                 EXPORT           BusFault_Handler           [WEA
K]
  228 00000034 E7FE            B                .
  229 00000036                 ENDP
  231 00000036         UsageFault_Handler
                               PROC
  232 00000036                 EXPORT           UsageFault_Handler         [WEA
K]
  233 00000036 E7FE            B                .
  234 00000038                 ENDP
  235 00000038         SVC_Handler
                               PROC
  236 00000038                 EXPORT           SVC_Handler                [WEA
K]
  237 00000038 E7FE            B                .
  238 0000003A                 ENDP
  240 0000003A         DebugMon_Handler
                               PROC
  241 0000003A                 EXPORT           DebugMon_Handler           [WEA
K]
  242 0000003A E7FE            B                .
  243 0000003C                 ENDP
  244 0000003C         PendSV_Handler
                               PROC
  245 0000003C                 EXPORT           PendSV_Handler             [WEA
K]
  246 0000003C E7FE            B                .
  247 0000003E                 ENDP
  248 0000003E         SysTick_Handler
                               PROC
  249 0000003E                 EXPORT           SysTick_Handler            [WEA
K]
  250 0000003E E7FE            B                .
  251 00000040                 ENDP
  252 00000040         
  253 00000040         Default_Handler
                               PROC
  254 00000040         
  255 00000040                 EXPORT           WWDG_IRQHandler                
   [WEAK]
  256 00000040                 EXPORT           PVD_IRQHandler                 
   [WEAK]
  257 00000040                 EXPORT           TAMP_STAMP_IRQHandler          
   [WEAK]
  258 00000040                 EXPORT           RTC_WKUP_IRQHandler            
   [WEAK]
  259 00000040                 EXPORT           FLASH_IRQHandler               
   [WEAK]
  260 00000040                 EXPORT           RCC_IRQHandler                 
   [WEAK]
  261 00000040                 EXPORT           EXTI0_IRQHandler               
   [WEAK]



ARM Macro Assembler    Page 10 


  262 00000040                 EXPORT           EXTI1_IRQHandler               
   [WEAK]
  263 00000040                 EXPORT           EXTI2_IRQHandler               
   [WEAK]
  264 00000040                 EXPORT           EXTI3_IRQHandler               
   [WEAK]
  265 00000040                 EXPORT           EXTI4_IRQHandler               
   [WEAK]
  266 00000040                 EXPORT           DMA1_Stream0_IRQHandler        
   [WEAK]
  267 00000040                 EXPORT           DMA1_Stream1_IRQHandler        
   [WEAK]
  268 00000040                 EXPORT           DMA1_Stream2_IRQHandler        
   [WEAK]
  269 00000040                 EXPORT           DMA1_Stream3_IRQHandler        
   [WEAK]
  270 00000040                 EXPORT           DMA1_Stream4_IRQHandler        
   [WEAK]
  271 00000040                 EXPORT           DMA1_Stream5_IRQHandler        
   [WEAK]
  272 00000040                 EXPORT           DMA1_Stream6_IRQHandler        
   [WEAK]
  273 00000040                 EXPORT           ADC_IRQHandler                 
   [WEAK]
  274 00000040                 EXPORT           CAN1_TX_IRQHandler             
   [WEAK]
  275 00000040                 EXPORT           CAN1_RX0_IRQHandler            
   [WEAK]
  276 00000040                 EXPORT           CAN1_RX1_IRQHandler            
   [WEAK]
  277 00000040                 EXPORT           CAN1_SCE_IRQHandler            
   [WEAK]
  278 00000040                 EXPORT           EXTI9_5_IRQHandler             
   [WEAK]
  279 00000040                 EXPORT           TIM1_BRK_TIM9_IRQHandler       
   [WEAK]
  280 00000040                 EXPORT           TIM1_UP_TIM10_IRQHandler       
   [WEAK]
  281 00000040                 EXPORT           TIM1_TRG_COM_TIM11_IRQHandler  
   [WEAK]
  282 00000040                 EXPORT           TIM1_CC_IRQHandler             
   [WEAK]
  283 00000040                 EXPORT           TIM2_IRQHandler                
   [WEAK]
  284 00000040                 EXPORT           TIM3_IRQHandler                
   [WEAK]
  285 00000040                 EXPORT           TIM4_IRQHandler                
   [WEAK]
  286 00000040                 EXPORT           I2C1_EV_IRQHandler             
   [WEAK]
  287 00000040                 EXPORT           I2C1_ER_IRQHandler             
   [WEAK]
  288 00000040                 EXPORT           I2C2_EV_IRQHandler             
   [WEAK]
  289 00000040                 EXPORT           I2C2_ER_IRQHandler             
   [WEAK]
  290 00000040                 EXPORT           SPI1_IRQHandler                
   [WEAK]
  291 00000040                 EXPORT           SPI2_IRQHandler                



ARM Macro Assembler    Page 11 


   [WEAK]
  292 00000040                 EXPORT           USART1_IRQHandler              
   [WEAK]
  293 00000040                 EXPORT           USART2_IRQHandler              
   [WEAK]
  294 00000040                 EXPORT           USART3_IRQHandler              
   [WEAK]
  295 00000040                 EXPORT           EXTI15_10_IRQHandler           
   [WEAK]
  296 00000040                 EXPORT           RTC_Alarm_IRQHandler           
   [WEAK]
  297 00000040                 EXPORT           OTG_FS_WKUP_IRQHandler         
   [WEAK]
  298 00000040                 EXPORT           TIM8_BRK_TIM12_IRQHandler      
   [WEAK]
  299 00000040                 EXPORT           TIM8_UP_TIM13_IRQHandler       
   [WEAK]
  300 00000040                 EXPORT           TIM8_TRG_COM_TIM14_IRQHandler  
   [WEAK]
  301 00000040                 EXPORT           TIM8_CC_IRQHandler             
   [WEAK]
  302 00000040                 EXPORT           DMA1_Stream7_IRQHandler        
   [WEAK]
  303 00000040                 EXPORT           FMC_IRQHandler                 
   [WEAK]
  304 00000040                 EXPORT           SDIO_IRQHandler                
   [WEAK]
  305 00000040                 EXPORT           TIM5_IRQHandler                
   [WEAK]
  306 00000040                 EXPORT           SPI3_IRQHandler                
   [WEAK]
  307 00000040                 EXPORT           UART4_IRQHandler               
   [WEAK]
  308 00000040                 EXPORT           UART5_IRQHandler               
   [WEAK]
  309 00000040                 EXPORT           TIM6_DAC_IRQHandler            
   [WEAK]
  310 00000040                 EXPORT           TIM7_IRQHandler                
   [WEAK]
  311 00000040                 EXPORT           DMA2_Stream0_IRQHandler        
   [WEAK]
  312 00000040                 EXPORT           DMA2_Stream1_IRQHandler        
   [WEAK]
  313 00000040                 EXPORT           DMA2_Stream2_IRQHandler        
   [WEAK]
  314 00000040                 EXPORT           DMA2_Stream3_IRQHandler        
   [WEAK]
  315 00000040                 EXPORT           DMA2_Stream4_IRQHandler        
   [WEAK]
  316 00000040                 EXPORT           ETH_IRQHandler                 
   [WEAK]
  317 00000040                 EXPORT           ETH_WKUP_IRQHandler            
   [WEAK]
  318 00000040                 EXPORT           CAN2_TX_IRQHandler             
   [WEAK]
  319 00000040                 EXPORT           CAN2_RX0_IRQHandler            
   [WEAK]
  320 00000040                 EXPORT           CAN2_RX1_IRQHandler            
   [WEAK]



ARM Macro Assembler    Page 12 


  321 00000040                 EXPORT           CAN2_SCE_IRQHandler            
   [WEAK]
  322 00000040                 EXPORT           OTG_FS_IRQHandler              
   [WEAK]
  323 00000040                 EXPORT           DMA2_Stream5_IRQHandler        
   [WEAK]
  324 00000040                 EXPORT           DMA2_Stream6_IRQHandler        
   [WEAK]
  325 00000040                 EXPORT           DMA2_Stream7_IRQHandler        
   [WEAK]
  326 00000040                 EXPORT           USART6_IRQHandler              
   [WEAK]
  327 00000040                 EXPORT           I2C3_EV_IRQHandler             
   [WEAK]
  328 00000040                 EXPORT           I2C3_ER_IRQHandler             
   [WEAK]
  329 00000040                 EXPORT           OTG_HS_EP1_OUT_IRQHandler      
   [WEAK]
  330 00000040                 EXPORT           OTG_HS_EP1_IN_IRQHandler       
   [WEAK]
  331 00000040                 EXPORT           OTG_HS_WKUP_IRQHandler         
   [WEAK]
  332 00000040                 EXPORT           OTG_HS_IRQHandler              
   [WEAK]
  333 00000040                 EXPORT           DCMI_IRQHandler                
   [WEAK]
  334 00000040                 EXPORT           HASH_RNG_IRQHandler            
   [WEAK]
  335 00000040                 EXPORT           FPU_IRQHandler                 
   [WEAK]
  336 00000040         
  337 00000040         WWDG_IRQHandler
  338 00000040         PVD_IRQHandler
  339 00000040         TAMP_STAMP_IRQHandler
  340 00000040         RTC_WKUP_IRQHandler
  341 00000040         FLASH_IRQHandler
  342 00000040         RCC_IRQHandler
  343 00000040         EXTI0_IRQHandler
  344 00000040         EXTI1_IRQHandler
  345 00000040         EXTI2_IRQHandler
  346 00000040         EXTI3_IRQHandler
  347 00000040         EXTI4_IRQHandler
  348 00000040         DMA1_Stream0_IRQHandler
  349 00000040         DMA1_Stream1_IRQHandler
  350 00000040         DMA1_Stream2_IRQHandler
  351 00000040         DMA1_Stream3_IRQHandler
  352 00000040         DMA1_Stream4_IRQHandler
  353 00000040         DMA1_Stream5_IRQHandler
  354 00000040         DMA1_Stream6_IRQHandler
  355 00000040         ADC_IRQHandler
  356 00000040         CAN1_TX_IRQHandler
  357 00000040         CAN1_RX0_IRQHandler
  358 00000040         CAN1_RX1_IRQHandler
  359 00000040         CAN1_SCE_IRQHandler
  360 00000040         EXTI9_5_IRQHandler
  361 00000040         TIM1_BRK_TIM9_IRQHandler
  362 00000040         TIM1_UP_TIM10_IRQHandler
  363 00000040         TIM1_TRG_COM_TIM11_IRQHandler
  364 00000040         TIM1_CC_IRQHandler



ARM Macro Assembler    Page 13 


  365 00000040         TIM2_IRQHandler
  366 00000040         TIM3_IRQHandler
  367 00000040         TIM4_IRQHandler
  368 00000040         I2C1_EV_IRQHandler
  369 00000040         I2C1_ER_IRQHandler
  370 00000040         I2C2_EV_IRQHandler
  371 00000040         I2C2_ER_IRQHandler
  372 00000040         SPI1_IRQHandler
  373 00000040         SPI2_IRQHandler
  374 00000040         USART1_IRQHandler
  375 00000040         USART2_IRQHandler
  376 00000040         USART3_IRQHandler
  377 00000040         EXTI15_10_IRQHandler
  378 00000040         RTC_Alarm_IRQHandler
  379 00000040         OTG_FS_WKUP_IRQHandler
  380 00000040         TIM8_BRK_TIM12_IRQHandler
  381 00000040         TIM8_UP_TIM13_IRQHandler
  382 00000040         TIM8_TRG_COM_TIM14_IRQHandler
  383 00000040         TIM8_CC_IRQHandler
  384 00000040         DMA1_Stream7_IRQHandler
  385 00000040         FMC_IRQHandler
  386 00000040         SDIO_IRQHandler
  387 00000040         TIM5_IRQHandler
  388 00000040         SPI3_IRQHandler
  389 00000040         UART4_IRQHandler
  390 00000040         UART5_IRQHandler
  391 00000040         TIM6_DAC_IRQHandler
  392 00000040         TIM7_IRQHandler
  393 00000040         DMA2_Stream0_IRQHandler
  394 00000040         DMA2_Stream1_IRQHandler
  395 00000040         DMA2_Stream2_IRQHandler
  396 00000040         DMA2_Stream3_IRQHandler
  397 00000040         DMA2_Stream4_IRQHandler
  398 00000040         ETH_IRQHandler
  399 00000040         ETH_WKUP_IRQHandler
  400 00000040         CAN2_TX_IRQHandler
  401 00000040         CAN2_RX0_IRQHandler
  402 00000040         CAN2_RX1_IRQHandler
  403 00000040         CAN2_SCE_IRQHandler
  404 00000040         OTG_FS_IRQHandler
  405 00000040         DMA2_Stream5_IRQHandler
  406 00000040         DMA2_Stream6_IRQHandler
  407 00000040         DMA2_Stream7_IRQHandler
  408 00000040         USART6_IRQHandler
  409 00000040         I2C3_EV_IRQHandler
  410 00000040         I2C3_ER_IRQHandler
  411 00000040         OTG_HS_EP1_OUT_IRQHandler
  412 00000040         OTG_HS_EP1_IN_IRQHandler
  413 00000040         OTG_HS_WKUP_IRQHandler
  414 00000040         OTG_HS_IRQHandler
  415 00000040         DCMI_IRQHandler
  416 00000040         HASH_RNG_IRQHandler
  417 00000040         FPU_IRQHandler
  418 00000040         
  419 00000040 E7FE            B                .
  420 00000042         
  421 00000042                 ENDP
  422 00000042         
  423 00000042 00 00           ALIGN



ARM Macro Assembler    Page 14 


  424 00000044         
  425 00000044         ;*******************************************************
                       ************************
  426 00000044         ; User Stack and Heap initialization
  427 00000044         ;*******************************************************
                       ************************
  428 00000044                 IF               :DEF:__MICROLIB
  429 00000044         
  430 00000044                 EXPORT           __initial_sp
  431 00000044                 EXPORT           __heap_base
  432 00000044                 EXPORT           __heap_limit
  433 00000044         
  434 00000044                 ELSE
  449                          ENDIF
  450 00000044         
  451 00000044                 END
              00000000 
              00000000 
Command Line: --debug --xref --diag_suppress=9931 --cpu=Cortex-M4.fp.sp --apcs=
interwork --depend=uart_poll\startup_stm32f407xx.d -ouart_poll\startup_stm32f40
7xx.o -I.\RTE\_uart_poll -ID:\software\Keil_v5\ARM\Packs\ARM\CMSIS\5.9.0\CMSIS\
Core\Include -ID:\software\Keil_v5\ARM\Packs\Keil\STM32F4xx_DFP\2.17.1\Drivers\
CMSIS\Device\ST\STM32F4xx\Include --predefine="__MICROLIB SETA 1" --predefine="
__UVISION_VERSION SETA 538" --predefine="_RTE_ SETA 1" --predefine="STM32F407xx
 SETA 1" --predefine="_RTE_ SETA 1" --list=startup_stm32f407xx.lst startup_stm3
2f407xx.s



ARM Macro Assembler    Page 1 Alphabetic symbol ordering
Relocatable symbols

STACK 00000000

Symbol: STACK
   Definitions
      At line 34 in file startup_stm32f407xx.s
   Uses
      None
Comment: STACK unused
Stack_Mem 00000000

Symbol: Stack_Mem
   Definitions
      At line 35 in file startup_stm32f407xx.s
   Uses
      None
Comment: Stack_Mem unused
__initial_sp 00000400

Symbol: __initial_sp
   Definitions
      At line 36 in file startup_stm32f407xx.s
   Uses
      At line 60 in file startup_stm32f407xx.s
      At line 430 in file startup_stm32f407xx.s

3 symbols



ARM Macro Assembler    Page 1 Alphabetic symbol ordering
Relocatable symbols

HEAP 00000000

Symbol: HEAP
   Definitions
      At line 45 in file startup_stm32f407xx.s
   Uses
      None
Comment: HEAP unused
Heap_Mem 00000000

Symbol: Heap_Mem
   Definitions
      At line 47 in file startup_stm32f407xx.s
   Uses
      None
Comment: Heap_Mem unused
__heap_base 00000000

Symbol: __heap_base
   Definitions
      At line 46 in file startup_stm32f407xx.s
   Uses
      At line 431 in file startup_stm32f407xx.s
Comment: __heap_base used once
__heap_limit 00000200

Symbol: __heap_limit
   Definitions
      At line 48 in file startup_stm32f407xx.s
   Uses
      At line 432 in file startup_stm32f407xx.s
Comment: __heap_limit used once
4 symbols



ARM Macro Assembler    Page 1 Alphabetic symbol ordering
Relocatable symbols

RESET 00000000

Symbol: RESET
   Definitions
      At line 55 in file startup_stm32f407xx.s
   Uses
      None
Comment: RESET unused
__Vectors 00000000

Symbol: __Vectors
   Definitions
      At line 60 in file startup_stm32f407xx.s
   Uses
      At line 56 in file startup_stm32f407xx.s
      At line 164 in file startup_stm32f407xx.s

__Vectors_End 00000188

Symbol: __Vectors_End
   Definitions
      At line 162 in file startup_stm32f407xx.s
   Uses
      At line 57 in file startup_stm32f407xx.s
      At line 164 in file startup_stm32f407xx.s

3 symbols



ARM Macro Assembler    Page 1 Alphabetic symbol ordering
Relocatable symbols

.text 00000000

Symbol: .text
   Definitions
      At line 166 in file startup_stm32f407xx.s
   Uses
      None
Comment: .text unused
ADC_IRQHandler 00000040

Symbol: ADC_IRQHandler
   Definitions
      At line 355 in file startup_stm32f407xx.s
   Uses
      At line 96 in file startup_stm32f407xx.s
      At line 273 in file startup_stm32f407xx.s

BusFault_Handler 00000034

Symbol: BusFault_Handler
   Definitions
      At line 226 in file startup_stm32f407xx.s
   Uses
      At line 65 in file startup_stm32f407xx.s
      At line 227 in file startup_stm32f407xx.s

CAN1_RX0_IRQHandler 00000040

Symbol: CAN1_RX0_IRQHandler
   Definitions
      At line 357 in file startup_stm32f407xx.s
   Uses
      At line 98 in file startup_stm32f407xx.s
      At line 275 in file startup_stm32f407xx.s

CAN1_RX1_IRQHandler 00000040

Symbol: CAN1_RX1_IRQHandler
   Definitions
      At line 358 in file startup_stm32f407xx.s
   Uses
      At line 99 in file startup_stm32f407xx.s
      At line 276 in file startup_stm32f407xx.s

CAN1_SCE_IRQHandler 00000040

Symbol: CAN1_SCE_IRQHandler
   Definitions
      At line 359 in file startup_stm32f407xx.s
   Uses
      At line 100 in file startup_stm32f407xx.s
      At line 277 in file startup_stm32f407xx.s

CAN1_TX_IRQHandler 00000040

Symbol: CAN1_TX_IRQHandler
   Definitions
      At line 356 in file startup_stm32f407xx.s
   Uses



ARM Macro Assembler    Page 2 Alphabetic symbol ordering
Relocatable symbols

      At line 97 in file startup_stm32f407xx.s
      At line 274 in file startup_stm32f407xx.s

CAN2_RX0_IRQHandler 00000040

Symbol: CAN2_RX0_IRQHandler
   Definitions
      At line 401 in file startup_stm32f407xx.s
   Uses
      At line 142 in file startup_stm32f407xx.s
      At line 319 in file startup_stm32f407xx.s

CAN2_RX1_IRQHandler 00000040

Symbol: CAN2_RX1_IRQHandler
   Definitions
      At line 402 in file startup_stm32f407xx.s
   Uses
      At line 143 in file startup_stm32f407xx.s
      At line 320 in file startup_stm32f407xx.s

CAN2_SCE_IRQHandler 00000040

Symbol: CAN2_SCE_IRQHandler
   Definitions
      At line 403 in file startup_stm32f407xx.s
   Uses
      At line 144 in file startup_stm32f407xx.s
      At line 321 in file startup_stm32f407xx.s

CAN2_TX_IRQHandler 00000040

Symbol: CAN2_TX_IRQHandler
   Definitions
      At line 400 in file startup_stm32f407xx.s
   Uses
      At line 141 in file startup_stm32f407xx.s
      At line 318 in file startup_stm32f407xx.s

DCMI_IRQHandler 00000040

Symbol: DCMI_IRQHandler
   Definitions
      At line 415 in file startup_stm32f407xx.s
   Uses
      At line 156 in file startup_stm32f407xx.s
      At line 333 in file startup_stm32f407xx.s

DMA1_Stream0_IRQHandler 00000040

Symbol: DMA1_Stream0_IRQHandler
   Definitions
      At line 348 in file startup_stm32f407xx.s
   Uses
      At line 89 in file startup_stm32f407xx.s
      At line 266 in file startup_stm32f407xx.s

DMA1_Stream1_IRQHandler 00000040




ARM Macro Assembler    Page 3 Alphabetic symbol ordering
Relocatable symbols

Symbol: DMA1_Stream1_IRQHandler
   Definitions
      At line 349 in file startup_stm32f407xx.s
   Uses
      At line 90 in file startup_stm32f407xx.s
      At line 267 in file startup_stm32f407xx.s

DMA1_Stream2_IRQHandler 00000040

Symbol: DMA1_Stream2_IRQHandler
   Definitions
      At line 350 in file startup_stm32f407xx.s
   Uses
      At line 91 in file startup_stm32f407xx.s
      At line 268 in file startup_stm32f407xx.s

DMA1_Stream3_IRQHandler 00000040

Symbol: DMA1_Stream3_IRQHandler
   Definitions
      At line 351 in file startup_stm32f407xx.s
   Uses
      At line 92 in file startup_stm32f407xx.s
      At line 269 in file startup_stm32f407xx.s

DMA1_Stream4_IRQHandler 00000040

Symbol: DMA1_Stream4_IRQHandler
   Definitions
      At line 352 in file startup_stm32f407xx.s
   Uses
      At line 93 in file startup_stm32f407xx.s
      At line 270 in file startup_stm32f407xx.s

DMA1_Stream5_IRQHandler 00000040

Symbol: DMA1_Stream5_IRQHandler
   Definitions
      At line 353 in file startup_stm32f407xx.s
   Uses
      At line 94 in file startup_stm32f407xx.s
      At line 271 in file startup_stm32f407xx.s

DMA1_Stream6_IRQHandler 00000040

Symbol: DMA1_Stream6_IRQHandler
   Definitions
      At line 354 in file startup_stm32f407xx.s
   Uses
      At line 95 in file startup_stm32f407xx.s
      At line 272 in file startup_stm32f407xx.s

DMA1_Stream7_IRQHandler 00000040

Symbol: DMA1_Stream7_IRQHandler
   Definitions
      At line 384 in file startup_stm32f407xx.s
   Uses
      At line 125 in file startup_stm32f407xx.s



ARM Macro Assembler    Page 4 Alphabetic symbol ordering
Relocatable symbols

      At line 302 in file startup_stm32f407xx.s

DMA2_Stream0_IRQHandler 00000040

Symbol: DMA2_Stream0_IRQHandler
   Definitions
      At line 393 in file startup_stm32f407xx.s
   Uses
      At line 134 in file startup_stm32f407xx.s
      At line 311 in file startup_stm32f407xx.s

DMA2_Stream1_IRQHandler 00000040

Symbol: DMA2_Stream1_IRQHandler
   Definitions
      At line 394 in file startup_stm32f407xx.s
   Uses
      At line 135 in file startup_stm32f407xx.s
      At line 312 in file startup_stm32f407xx.s

DMA2_Stream2_IRQHandler 00000040

Symbol: DMA2_Stream2_IRQHandler
   Definitions
      At line 395 in file startup_stm32f407xx.s
   Uses
      At line 136 in file startup_stm32f407xx.s
      At line 313 in file startup_stm32f407xx.s

DMA2_Stream3_IRQHandler 00000040

Symbol: DMA2_Stream3_IRQHandler
   Definitions
      At line 396 in file startup_stm32f407xx.s
   Uses
      At line 137 in file startup_stm32f407xx.s
      At line 314 in file startup_stm32f407xx.s

DMA2_Stream4_IRQHandler 00000040

Symbol: DMA2_Stream4_IRQHandler
   Definitions
      At line 397 in file startup_stm32f407xx.s
   Uses
      At line 138 in file startup_stm32f407xx.s
      At line 315 in file startup_stm32f407xx.s

DMA2_Stream5_IRQHandler 00000040

Symbol: DMA2_Stream5_IRQHandler
   Definitions
      At line 405 in file startup_stm32f407xx.s
   Uses
      At line 146 in file startup_stm32f407xx.s
      At line 323 in file startup_stm32f407xx.s

DMA2_Stream6_IRQHandler 00000040

Symbol: DMA2_Stream6_IRQHandler



ARM Macro Assembler    Page 5 Alphabetic symbol ordering
Relocatable symbols

   Definitions
      At line 406 in file startup_stm32f407xx.s
   Uses
      At line 147 in file startup_stm32f407xx.s
      At line 324 in file startup_stm32f407xx.s

DMA2_Stream7_IRQHandler 00000040

Symbol: DMA2_Stream7_IRQHandler
   Definitions
      At line 407 in file startup_stm32f407xx.s
   Uses
      At line 148 in file startup_stm32f407xx.s
      At line 325 in file startup_stm32f407xx.s

DebugMon_Handler 0000003A

Symbol: DebugMon_Handler
   Definitions
      At line 240 in file startup_stm32f407xx.s
   Uses
      At line 72 in file startup_stm32f407xx.s
      At line 241 in file startup_stm32f407xx.s

Default_Handler 00000040

Symbol: Default_Handler
   Definitions
      At line 253 in file startup_stm32f407xx.s
   Uses
      None
Comment: Default_Handler unused
Do_DumpCore 0000002C

Symbol: Do_DumpCore
   Definitions
      At line 214 in file startup_stm32f407xx.s
   Uses
      At line 207 in file startup_stm32f407xx.s
Comment: Do_DumpCore used once
ETH_IRQHandler 00000040

Symbol: ETH_IRQHandler
   Definitions
      At line 398 in file startup_stm32f407xx.s
   Uses
      At line 139 in file startup_stm32f407xx.s
      At line 316 in file startup_stm32f407xx.s

ETH_WKUP_IRQHandler 00000040

Symbol: ETH_WKUP_IRQHandler
   Definitions
      At line 399 in file startup_stm32f407xx.s
   Uses
      At line 140 in file startup_stm32f407xx.s
      At line 317 in file startup_stm32f407xx.s

EXTI0_IRQHandler 00000040



ARM Macro Assembler    Page 6 Alphabetic symbol ordering
Relocatable symbols


Symbol: EXTI0_IRQHandler
   Definitions
      At line 343 in file startup_stm32f407xx.s
   Uses
      At line 84 in file startup_stm32f407xx.s
      At line 261 in file startup_stm32f407xx.s

EXTI15_10_IRQHandler 00000040

Symbol: EXTI15_10_IRQHandler
   Definitions
      At line 377 in file startup_stm32f407xx.s
   Uses
      At line 118 in file startup_stm32f407xx.s
      At line 295 in file startup_stm32f407xx.s

EXTI1_IRQHandler 00000040

Symbol: EXTI1_IRQHandler
   Definitions
      At line 344 in file startup_stm32f407xx.s
   Uses
      At line 85 in file startup_stm32f407xx.s
      At line 262 in file startup_stm32f407xx.s

EXTI2_IRQHandler 00000040

Symbol: EXTI2_IRQHandler
   Definitions
      At line 345 in file startup_stm32f407xx.s
   Uses
      At line 86 in file startup_stm32f407xx.s
      At line 263 in file startup_stm32f407xx.s

EXTI3_IRQHandler 00000040

Symbol: EXTI3_IRQHandler
   Definitions
      At line 346 in file startup_stm32f407xx.s
   Uses
      At line 87 in file startup_stm32f407xx.s
      At line 264 in file startup_stm32f407xx.s

EXTI4_IRQHandler 00000040

Symbol: EXTI4_IRQHandler
   Definitions
      At line 347 in file startup_stm32f407xx.s
   Uses
      At line 88 in file startup_stm32f407xx.s
      At line 265 in file startup_stm32f407xx.s

EXTI9_5_IRQHandler 00000040

Symbol: EXTI9_5_IRQHandler
   Definitions
      At line 360 in file startup_stm32f407xx.s
   Uses



ARM Macro Assembler    Page 7 Alphabetic symbol ordering
Relocatable symbols

      At line 101 in file startup_stm32f407xx.s
      At line 278 in file startup_stm32f407xx.s

FLASH_IRQHandler 00000040

Symbol: FLASH_IRQHandler
   Definitions
      At line 341 in file startup_stm32f407xx.s
   Uses
      At line 82 in file startup_stm32f407xx.s
      At line 259 in file startup_stm32f407xx.s

FMC_IRQHandler 00000040

Symbol: FMC_IRQHandler
   Definitions
      At line 385 in file startup_stm32f407xx.s
   Uses
      At line 126 in file startup_stm32f407xx.s
      At line 303 in file startup_stm32f407xx.s

FPU_IRQHandler 00000040

Symbol: FPU_IRQHandler
   Definitions
      At line 417 in file startup_stm32f407xx.s
   Uses
      At line 159 in file startup_stm32f407xx.s
      At line 335 in file startup_stm32f407xx.s

HASH_RNG_IRQHandler 00000040

Symbol: HASH_RNG_IRQHandler
   Definitions
      At line 416 in file startup_stm32f407xx.s
   Uses
      At line 158 in file startup_stm32f407xx.s
      At line 334 in file startup_stm32f407xx.s

HardFault_Handler 0000000A

Symbol: HardFault_Handler
   Definitions
      At line 187 in file startup_stm32f407xx.s
   Uses
      At line 63 in file startup_stm32f407xx.s
      At line 188 in file startup_stm32f407xx.s

HardFault_Handler_asm 0000000C

Symbol: HardFault_Handler_asm
   Definitions
      At line 193 in file startup_stm32f407xx.s
   Uses
      At line 194 in file startup_stm32f407xx.s
Comment: HardFault_Handler_asm used once
I2C1_ER_IRQHandler 00000040

Symbol: I2C1_ER_IRQHandler



ARM Macro Assembler    Page 8 Alphabetic symbol ordering
Relocatable symbols

   Definitions
      At line 369 in file startup_stm32f407xx.s
   Uses
      At line 110 in file startup_stm32f407xx.s
      At line 287 in file startup_stm32f407xx.s

I2C1_EV_IRQHandler 00000040

Symbol: I2C1_EV_IRQHandler
   Definitions
      At line 368 in file startup_stm32f407xx.s
   Uses
      At line 109 in file startup_stm32f407xx.s
      At line 286 in file startup_stm32f407xx.s

I2C2_ER_IRQHandler 00000040

Symbol: I2C2_ER_IRQHandler
   Definitions
      At line 371 in file startup_stm32f407xx.s
   Uses
      At line 112 in file startup_stm32f407xx.s
      At line 289 in file startup_stm32f407xx.s

I2C2_EV_IRQHandler 00000040

Symbol: I2C2_EV_IRQHandler
   Definitions
      At line 370 in file startup_stm32f407xx.s
   Uses
      At line 111 in file startup_stm32f407xx.s
      At line 288 in file startup_stm32f407xx.s

I2C3_ER_IRQHandler 00000040

Symbol: I2C3_ER_IRQHandler
   Definitions
      At line 410 in file startup_stm32f407xx.s
   Uses
      At line 151 in file startup_stm32f407xx.s
      At line 328 in file startup_stm32f407xx.s

I2C3_EV_IRQHandler 00000040

Symbol: I2C3_EV_IRQHandler
   Definitions
      At line 409 in file startup_stm32f407xx.s
   Uses
      At line 150 in file startup_stm32f407xx.s
      At line 327 in file startup_stm32f407xx.s

MemManage_Handler 00000032

Symbol: MemManage_Handler
   Definitions
      At line 221 in file startup_stm32f407xx.s
   Uses
      At line 64 in file startup_stm32f407xx.s
      At line 222 in file startup_stm32f407xx.s



ARM Macro Assembler    Page 9 Alphabetic symbol ordering
Relocatable symbols


NMI_Handler 00000008

Symbol: NMI_Handler
   Definitions
      At line 182 in file startup_stm32f407xx.s
   Uses
      At line 62 in file startup_stm32f407xx.s
      At line 183 in file startup_stm32f407xx.s

OTG_FS_IRQHandler 00000040

Symbol: OTG_FS_IRQHandler
   Definitions
      At line 404 in file startup_stm32f407xx.s
   Uses
      At line 145 in file startup_stm32f407xx.s
      At line 322 in file startup_stm32f407xx.s

OTG_FS_WKUP_IRQHandler 00000040

Symbol: OTG_FS_WKUP_IRQHandler
   Definitions
      At line 379 in file startup_stm32f407xx.s
   Uses
      At line 120 in file startup_stm32f407xx.s
      At line 297 in file startup_stm32f407xx.s

OTG_HS_EP1_IN_IRQHandler 00000040

Symbol: OTG_HS_EP1_IN_IRQHandler
   Definitions
      At line 412 in file startup_stm32f407xx.s
   Uses
      At line 153 in file startup_stm32f407xx.s
      At line 330 in file startup_stm32f407xx.s

OTG_HS_EP1_OUT_IRQHandler 00000040

Symbol: OTG_HS_EP1_OUT_IRQHandler
   Definitions
      At line 411 in file startup_stm32f407xx.s
   Uses
      At line 152 in file startup_stm32f407xx.s
      At line 329 in file startup_stm32f407xx.s

OTG_HS_IRQHandler 00000040

Symbol: OTG_HS_IRQHandler
   Definitions
      At line 414 in file startup_stm32f407xx.s
   Uses
      At line 155 in file startup_stm32f407xx.s
      At line 332 in file startup_stm32f407xx.s

OTG_HS_WKUP_IRQHandler 00000040

Symbol: OTG_HS_WKUP_IRQHandler
   Definitions



ARM Macro Assembler    Page 10 Alphabetic symbol ordering
Relocatable symbols

      At line 413 in file startup_stm32f407xx.s
   Uses
      At line 154 in file startup_stm32f407xx.s
      At line 331 in file startup_stm32f407xx.s

PVD_IRQHandler 00000040

Symbol: PVD_IRQHandler
   Definitions
      At line 338 in file startup_stm32f407xx.s
   Uses
      At line 79 in file startup_stm32f407xx.s
      At line 256 in file startup_stm32f407xx.s

PendSV_Handler 0000003C

Symbol: PendSV_Handler
   Definitions
      At line 244 in file startup_stm32f407xx.s
   Uses
      At line 74 in file startup_stm32f407xx.s
      At line 245 in file startup_stm32f407xx.s

RCC_IRQHandler 00000040

Symbol: RCC_IRQHandler
   Definitions
      At line 342 in file startup_stm32f407xx.s
   Uses
      At line 83 in file startup_stm32f407xx.s
      At line 260 in file startup_stm32f407xx.s

RTC_Alarm_IRQHandler 00000040

Symbol: RTC_Alarm_IRQHandler
   Definitions
      At line 378 in file startup_stm32f407xx.s
   Uses
      At line 119 in file startup_stm32f407xx.s
      At line 296 in file startup_stm32f407xx.s

RTC_WKUP_IRQHandler 00000040

Symbol: RTC_WKUP_IRQHandler
   Definitions
      At line 340 in file startup_stm32f407xx.s
   Uses
      At line 81 in file startup_stm32f407xx.s
      At line 258 in file startup_stm32f407xx.s

Reset_Handler 00000000

Symbol: Reset_Handler
   Definitions
      At line 169 in file startup_stm32f407xx.s
   Uses
      At line 61 in file startup_stm32f407xx.s
      At line 170 in file startup_stm32f407xx.s




ARM Macro Assembler    Page 11 Alphabetic symbol ordering
Relocatable symbols

SDIO_IRQHandler 00000040

Symbol: SDIO_IRQHandler
   Definitions
      At line 386 in file startup_stm32f407xx.s
   Uses
      At line 127 in file startup_stm32f407xx.s
      At line 304 in file startup_stm32f407xx.s

SPI1_IRQHandler 00000040

Symbol: SPI1_IRQHandler
   Definitions
      At line 372 in file startup_stm32f407xx.s
   Uses
      At line 113 in file startup_stm32f407xx.s
      At line 290 in file startup_stm32f407xx.s

SPI2_IRQHandler 00000040

Symbol: SPI2_IRQHandler
   Definitions
      At line 373 in file startup_stm32f407xx.s
   Uses
      At line 114 in file startup_stm32f407xx.s
      At line 291 in file startup_stm32f407xx.s

SPI3_IRQHandler 00000040

Symbol: SPI3_IRQHandler
   Definitions
      At line 388 in file startup_stm32f407xx.s
   Uses
      At line 129 in file startup_stm32f407xx.s
      At line 306 in file startup_stm32f407xx.s

SVC_Handler 00000038

Symbol: SVC_Handler
   Definitions
      At line 235 in file startup_stm32f407xx.s
   Uses
      At line 71 in file startup_stm32f407xx.s
      At line 236 in file startup_stm32f407xx.s

SaveInMSP 00000014

Symbol: SaveInMSP
   Definitions
      At line 202 in file startup_stm32f407xx.s
   Uses
      At line 200 in file startup_stm32f407xx.s
Comment: SaveInMSP used once
SaveInPSP 0000001E

Symbol: SaveInPSP
   Definitions
      At line 208 in file startup_stm32f407xx.s
   Uses



ARM Macro Assembler    Page 12 Alphabetic symbol ordering
Relocatable symbols

      At line 201 in file startup_stm32f407xx.s
Comment: SaveInPSP used once
SysTick_Handler 0000003E

Symbol: SysTick_Handler
   Definitions
      At line 248 in file startup_stm32f407xx.s
   Uses
      At line 75 in file startup_stm32f407xx.s
      At line 249 in file startup_stm32f407xx.s

TAMP_STAMP_IRQHandler 00000040

Symbol: TAMP_STAMP_IRQHandler
   Definitions
      At line 339 in file startup_stm32f407xx.s
   Uses
      At line 80 in file startup_stm32f407xx.s
      At line 257 in file startup_stm32f407xx.s

TIM1_BRK_TIM9_IRQHandler 00000040

Symbol: TIM1_BRK_TIM9_IRQHandler
   Definitions
      At line 361 in file startup_stm32f407xx.s
   Uses
      At line 102 in file startup_stm32f407xx.s
      At line 279 in file startup_stm32f407xx.s

TIM1_CC_IRQHandler 00000040

Symbol: TIM1_CC_IRQHandler
   Definitions
      At line 364 in file startup_stm32f407xx.s
   Uses
      At line 105 in file startup_stm32f407xx.s
      At line 282 in file startup_stm32f407xx.s

TIM1_TRG_COM_TIM11_IRQHandler 00000040

Symbol: TIM1_TRG_COM_TIM11_IRQHandler
   Definitions
      At line 363 in file startup_stm32f407xx.s
   Uses
      At line 104 in file startup_stm32f407xx.s
      At line 281 in file startup_stm32f407xx.s

TIM1_UP_TIM10_IRQHandler 00000040

Symbol: TIM1_UP_TIM10_IRQHandler
   Definitions
      At line 362 in file startup_stm32f407xx.s
   Uses
      At line 103 in file startup_stm32f407xx.s
      At line 280 in file startup_stm32f407xx.s

TIM2_IRQHandler 00000040

Symbol: TIM2_IRQHandler



ARM Macro Assembler    Page 13 Alphabetic symbol ordering
Relocatable symbols

   Definitions
      At line 365 in file startup_stm32f407xx.s
   Uses
      At line 106 in file startup_stm32f407xx.s
      At line 283 in file startup_stm32f407xx.s

TIM3_IRQHandler 00000040

Symbol: TIM3_IRQHandler
   Definitions
      At line 366 in file startup_stm32f407xx.s
   Uses
      At line 107 in file startup_stm32f407xx.s
      At line 284 in file startup_stm32f407xx.s

TIM4_IRQHandler 00000040

Symbol: TIM4_IRQHandler
   Definitions
      At line 367 in file startup_stm32f407xx.s
   Uses
      At line 108 in file startup_stm32f407xx.s
      At line 285 in file startup_stm32f407xx.s

TIM5_IRQHandler 00000040

Symbol: TIM5_IRQHandler
   Definitions
      At line 387 in file startup_stm32f407xx.s
   Uses
      At line 128 in file startup_stm32f407xx.s
      At line 305 in file startup_stm32f407xx.s

TIM6_DAC_IRQHandler 00000040

Symbol: TIM6_DAC_IRQHandler
   Definitions
      At line 391 in file startup_stm32f407xx.s
   Uses
      At line 132 in file startup_stm32f407xx.s
      At line 309 in file startup_stm32f407xx.s

TIM7_IRQHandler 00000040

Symbol: TIM7_IRQHandler
   Definitions
      At line 392 in file startup_stm32f407xx.s
   Uses
      At line 133 in file startup_stm32f407xx.s
      At line 310 in file startup_stm32f407xx.s

TIM8_BRK_TIM12_IRQHandler 00000040

Symbol: TIM8_BRK_TIM12_IRQHandler
   Definitions
      At line 380 in file startup_stm32f407xx.s
   Uses
      At line 121 in file startup_stm32f407xx.s
      At line 298 in file startup_stm32f407xx.s



ARM Macro Assembler    Page 14 Alphabetic symbol ordering
Relocatable symbols


TIM8_CC_IRQHandler 00000040

Symbol: TIM8_CC_IRQHandler
   Definitions
      At line 383 in file startup_stm32f407xx.s
   Uses
      At line 124 in file startup_stm32f407xx.s
      At line 301 in file startup_stm32f407xx.s

TIM8_TRG_COM_TIM14_IRQHandler 00000040

Symbol: TIM8_TRG_COM_TIM14_IRQHandler
   Definitions
      At line 382 in file startup_stm32f407xx.s
   Uses
      At line 123 in file startup_stm32f407xx.s
      At line 300 in file startup_stm32f407xx.s

TIM8_UP_TIM13_IRQHandler 00000040

Symbol: TIM8_UP_TIM13_IRQHandler
   Definitions
      At line 381 in file startup_stm32f407xx.s
   Uses
      At line 122 in file startup_stm32f407xx.s
      At line 299 in file startup_stm32f407xx.s

UART4_IRQHandler 00000040

Symbol: UART4_IRQHandler
   Definitions
      At line 389 in file startup_stm32f407xx.s
   Uses
      At line 130 in file startup_stm32f407xx.s
      At line 307 in file startup_stm32f407xx.s

UART5_IRQHandler 00000040

Symbol: UART5_IRQHandler
   Definitions
      At line 390 in file startup_stm32f407xx.s
   Uses
      At line 131 in file startup_stm32f407xx.s
      At line 308 in file startup_stm32f407xx.s

USART1_IRQHandler 00000040

Symbol: USART1_IRQHandler
   Definitions
      At line 374 in file startup_stm32f407xx.s
   Uses
      At line 115 in file startup_stm32f407xx.s
      At line 292 in file startup_stm32f407xx.s

USART2_IRQHandler 00000040

Symbol: USART2_IRQHandler
   Definitions



ARM Macro Assembler    Page 15 Alphabetic symbol ordering
Relocatable symbols

      At line 375 in file startup_stm32f407xx.s
   Uses
      At line 116 in file startup_stm32f407xx.s
      At line 293 in file startup_stm32f407xx.s

USART3_IRQHandler 00000040

Symbol: USART3_IRQHandler
   Definitions
      At line 376 in file startup_stm32f407xx.s
   Uses
      At line 117 in file startup_stm32f407xx.s
      At line 294 in file startup_stm32f407xx.s

USART6_IRQHandler 00000040

Symbol: USART6_IRQHandler
   Definitions
      At line 408 in file startup_stm32f407xx.s
   Uses
      At line 149 in file startup_stm32f407xx.s
      At line 326 in file startup_stm32f407xx.s

UsageFault_Handler 00000036

Symbol: UsageFault_Handler
   Definitions
      At line 231 in file startup_stm32f407xx.s
   Uses
      At line 66 in file startup_stm32f407xx.s
      At line 232 in file startup_stm32f407xx.s

WWDG_IRQHandler 00000040

Symbol: WWDG_IRQHandler
   Definitions
      At line 337 in file startup_stm32f407xx.s
   Uses
      At line 78 in file startup_stm32f407xx.s
      At line 255 in file startup_stm32f407xx.s

97 symbols



ARM Macro Assembler    Page 1 Alphabetic symbol ordering
Absolute symbols

Heap_Size 00000200

Symbol: Heap_Size
   Definitions
      At line 43 in file startup_stm32f407xx.s
   Uses
      At line 47 in file startup_stm32f407xx.s
Comment: Heap_Size used once
Stack_Size 00000400

Symbol: Stack_Size
   Definitions
      At line 32 in file startup_stm32f407xx.s
   Uses
      At line 35 in file startup_stm32f407xx.s
Comment: Stack_Size used once
__Vectors_Size 00000188

Symbol: __Vectors_Size
   Definitions
      At line 164 in file startup_stm32f407xx.s
   Uses
      At line 58 in file startup_stm32f407xx.s
Comment: __Vectors_Size used once
3 symbols



ARM Macro Assembler    Page 1 Alphabetic symbol ordering
External symbols

DumpCore 00000000

Symbol: DumpCore
   Definitions
      At line 195 in file startup_stm32f407xx.s
   Uses
      At line 215 in file startup_stm32f407xx.s
Comment: DumpCore used once
SystemInit 00000000

Symbol: SystemInit
   Definitions
      At line 171 in file startup_stm32f407xx.s
   Uses
      At line 174 in file startup_stm32f407xx.s
Comment: SystemInit used once
__main 00000000

Symbol: __main
   Definitions
      At line 172 in file startup_stm32f407xx.s
   Uses
      At line 176 in file startup_stm32f407xx.s
Comment: __main used once
3 symbols
450 symbols in table
